{"level":"error","message":"otra cosa"}
{"level":"error","message":"El archivo chat.txt no existe o se encuentra vacio"}
{"level":"error","message":"El archivo chat.txt no existe o se encuentra vacio"}
{"level":"error","message":"El archivo chat.txt no existe o se encuentra vacio"}
{"level":"error","message":"El archivo chat.txt no existe o se encuentra vacio"}
{"level":"error","message":"El archivo chat.txt no existe o se encuentra vacio"}
{"level":"error","message":"El archivo chat.txt no existe o se encuentra vacio"}
{"level":"error","message":"El archivo chat.txt no existe o se encuentra vacio"}
{"level":"error","message":"No se pudieron eliminar los datos de Mongo"}
{"level":"error","message":"El archivo chat.txt no existe o se encuentra vacio"}
{"level":"error","message":"El archivo chat.txt no existe o se encuentra vacio"}
{"level":"error","message":"El archivo chat.txt no existe o se encuentra vacio"}
{"level":"error","message":"El archivo chat.txt no existe o se encuentra vacio"}
{"level":"error","message":"El archivo chat.txt no existe o se encuentra vacio"}
{"level":"error","message":"El archivo chat.txt no existe o se encuentra vacio"}
{"level":"error","message":"El archivo chat.txt no existe o se encuentra vacio"}
{"level":"error","message":"El archivo chat.txt no existe o se encuentra vacio"}
{"level":"error","message":"El archivo chat.txt no existe o se encuentra vacio"}
{"level":"error","message":"El archivo chat.txt no existe o se encuentra vacio"}
{"level":"error","message":"El archivo productos.txt no existe o se encuentra vacio"}
{"level":"error","message":"El archivo usuarios.txt no existe o se encuentra vacio"}
{"level":"error","message":"El archivo usuarios.txt no existe o se encuentra vacio"}
{"level":"error","message":"El archivo usuarios.txt no existe o se encuentra vacio"}
{"level":"error","message":"El archivo usuarios.txt no existe o se encuentra vacio"}
{"level":"error","message":"El archivo usuarios.txt no existe o se encuentra vacio"}
{"level":"error","message":"No se pudieron eliminar los datos de Mongo"}
